{"numTotalTestSuites":92,"numPassedTestSuites":92,"numFailedTestSuites":0,"numPendingTestSuites":0,"numTotalTests":211,"numPassedTests":211,"numFailedTests":0,"numPendingTests":0,"numTodoTests":0,"snapshot":{"added":0,"failure":false,"filesAdded":0,"filesRemoved":0,"filesRemovedList":[],"filesUnmatched":0,"filesUpdated":0,"matched":0,"total":0,"unchecked":0,"uncheckedKeysByFile":[],"unmatched":0,"updated":0,"didUpdate":false},"startTime":1775403933532,"success":true,"testResults":[{"assertionResults":[{"ancestorTitles":["parseNowTvBookmarksEnv"],"fullName":"parseNowTvBookmarksEnv returns null for empty or undefined","status":"passed","title":"returns null for empty or undefined","duration":2.056600000000003,"failureMessages":[],"meta":{},"tags":[]},{"ancestorTitles":["parseNowTvBookmarksEnv"],"fullName":"parseNowTvBookmarksEnv parses valid JSON array with href and clamps progress","status":"passed","title":"parses valid JSON array with href and clamps progress","duration":1.1242000000000303,"failureMessages":[],"meta":{},"tags":[]},{"ancestorTitles":["parseNowTvBookmarksEnv"],"fullName":"parseNowTvBookmarksEnv returns null for non-array JSON","status":"passed","title":"returns null for non-array JSON","duration":0.18619999999998527,"failureMessages":[],"meta":{},"tags":[]},{"ancestorTitles":["parseNowTvBookmarksEnv"],"fullName":"parseNowTvBookmarksEnv skips rows without title","status":"passed","title":"skips rows without title","duration":0.13360000000000127,"failureMessages":[],"meta":{},"tags":[]},{"ancestorTitles":["parseNowTvBookmarksEnv"],"fullName":"parseNowTvBookmarksEnv default bookmarks have three sample rows","status":"passed","title":"default bookmarks have three sample rows","duration":0.11639999999999873,"failureMessages":[],"meta":{},"tags":[]}],"startTime":1775403934486,"endTime":1775403934489.1863,"status":"passed","message":"","name":"C:/Users/conta/AI Chat/perplexity-ai-clone/tests/nowtv-bookmarks.test.ts"},{"assertionResults":[{"ancestorTitles":["parseSseLines"],"fullName":"parseSseLines yields content deltas from complete SSE lines","status":"passed","title":"yields content deltas from complete SSE lines","duration":1.817799999999977,"failureMessages":[],"meta":{},"tags":[]},{"ancestorTitles":["parseSseLines"],"fullName":"parseSseLines keeps incomplete line in rest buffer","status":"passed","title":"keeps incomplete line in rest buffer","duration":0.18600000000003547,"failureMessages":[],"meta":{},"tags":[]},{"ancestorTitles":["parseSseLines"],"fullName":"parseSseLines skips [DONE] and malformed JSON lines","status":"passed","title":"skips [DONE] and malformed JSON lines","duration":0.18009999999998172,"failureMessages":[],"meta":{},"tags":[]},{"ancestorTitles":["parseSseLines"],"fullName":"parseSseLines extracts reasoning_content deltas","status":"passed","title":"extracts reasoning_content deltas","duration":0.1361999999999739,"failureMessages":[],"meta":{},"tags":[]}],"startTime":1775403934487,"endTime":1775403934489.186,"status":"passed","message":"","name":"C:/Users/conta/AI Chat/perplexity-ai-clone/tests/parse-sse-stream.test.ts"},{"assertionResults":[{"ancestorTitles":["splitThinkingFromModelContent"],"fullName":"splitThinkingFromModelContent returns full string as answer when no think tags","status":"passed","title":"returns full string as answer when no think tags","duration":2.3292000000000144,"failureMessages":[],"meta":{},"tags":[]},{"ancestorTitles":["splitThinkingFromModelContent"],"fullName":"splitThinkingFromModelContent merges API reasoning with no tags","status":"passed","title":"merges API reasoning with no tags","duration":0.15409999999997126,"failureMessages":[],"meta":{},"tags":[]},{"ancestorTitles":["splitThinkingFromModelContent"],"fullName":"splitThinkingFromModelContent extracts think block and answer","status":"passed","title":"extracts think block and answer","duration":0.22539999999997917,"failureMessages":[],"meta":{},"tags":[]},{"ancestorTitles":["splitThinkingFromModelContent"],"fullName":"splitThinkingFromModelContent streams partial think block before close tag","status":"passed","title":"streams partial think block before close tag","duration":0.1593000000000302,"failureMessages":[],"meta":{},"tags":[]}],"startTime":1775403934513,"endTime":1775403934515.329,"status":"passed","message":"","name":"C:/Users/conta/AI Chat/perplexity-ai-clone/tests/thinking-tags.test.ts"},{"assertionResults":[{"ancestorTitles":["OAuth token integration flows"],"fullName":"OAuth token integration flows refreshes and persists a Google token through the shared OAuth module","status":"passed","title":"refreshes and persists a Google token through the shared OAuth module","duration":3.0851000000000113,"failureMessages":[],"meta":{},"tags":[]},{"ancestorTitles":["OAuth token integration flows"],"fullName":"OAuth token integration flows refreshes and persists an OneDrive token through the shared OAuth module","status":"passed","title":"refreshes and persists an OneDrive token through the shared OAuth module","duration":0.422300000000007,"failureMessages":[],"meta":{},"tags":[]},{"ancestorTitles":["OAuth token integration flows"],"fullName":"OAuth token integration flows refreshes and persists a Spotify token through the Spotify OAuth module","status":"passed","title":"refreshes and persists a Spotify token through the Spotify OAuth module","duration":0.3783000000000243,"failureMessages":[],"meta":{},"tags":[]}],"startTime":1775403934544,"endTime":1775403934548.3784,"status":"passed","message":"","name":"C:/Users/conta/AI Chat/perplexity-ai-clone/tests/integration/oauth-token-integration.test.ts"},{"assertionResults":[{"ancestorTitles":["Auth and session regression cases"],"fullName":"Auth and session regression cases treats tokens expiring within the 5 minute safety window as expired","status":"passed","title":"treats tokens expiring within the 5 minute safety window as expired","duration":2.154200000000003,"failureMessages":[],"meta":{},"tags":[]},{"ancestorTitles":["Auth and session regression cases"],"fullName":"Auth and session regression cases does not leave OAuth state reusable after one successful validation","status":"passed","title":"does not leave OAuth state reusable after one successful validation","duration":0.29100000000002524,"failureMessages":[],"meta":{},"tags":[]},{"ancestorTitles":["Auth and session regression cases"],"fullName":"Auth and session regression cases returns null and avoids persistence when Google token refresh fails","status":"passed","title":"returns null and avoids persistence when Google token refresh fails","duration":0.9815000000000111,"failureMessages":[],"meta":{},"tags":[]}],"startTime":1775403934524,"endTime":1775403934526.9814,"status":"passed","message":"","name":"C:/Users/conta/AI Chat/perplexity-ai-clone/tests/regression/auth-session-regression.test.ts"},{"assertionResults":[{"ancestorTitles":["generateFollowUpQuestions degraded-path telemetry"],"fullName":"generateFollowUpQuestions degraded-path telemetry warns and returns [] when LLM payload lacks questions array","status":"passed","title":"warns and returns [] when LLM payload lacks questions array","duration":191.7024,"failureMessages":[],"meta":{},"tags":[]},{"ancestorTitles":["generateFollowUpQuestions degraded-path telemetry"],"fullName":"generateFollowUpQuestions degraded-path telemetry logs error and returns [] when LLM call throws","status":"passed","title":"logs error and returns [] when LLM call throws","duration":0.8180999999999585,"failureMessages":[],"meta":{},"tags":[]},{"ancestorTitles":["executeModelCouncil degraded-path telemetry"],"fullName":"executeModelCouncil degraded-path telemetry warns and normalizes malformed convergence payload shape","status":"passed","title":"warns and normalizes malformed convergence payload shape","duration":1.5331999999999653,"failureMessages":[],"meta":{},"tags":[]},{"ancestorTitles":["executeModelCouncil degraded-path telemetry"],"fullName":"executeModelCouncil degraded-path telemetry logs error and falls back when convergence JSON parse throws","status":"passed","title":"logs error and falls back when convergence JSON parse throws","duration":0.8129999999999882,"failureMessages":[],"meta":{},"tags":[]},{"ancestorTitles":["executeWebSearch degraded-path telemetry"],"fullName":"executeWebSearch degraded-path telemetry warns and returns SearchError when provider payload misses results array","status":"passed","title":"warns and returns SearchError when provider payload misses results array","duration":1.203200000000038,"failureMessages":[],"meta":{},"tags":[]},{"ancestorTitles":["executeWebSearch degraded-path telemetry"],"fullName":"executeWebSearch degraded-path telemetry logs and returns SearchError when fetch throws","status":"passed","title":"logs and returns SearchError when fetch throws","duration":0.8964000000000851,"failureMessages":[],"meta":{},"tags":[]},{"ancestorTitles":["executeWebSearch degraded-path telemetry"],"fullName":"executeWebSearch degraded-path telemetry drops unsafe or malformed result URLs and keeps valid web results","status":"passed","title":"drops unsafe or malformed result URLs and keeps valid web results","duration":1.0656000000000176,"failureMessages":[],"meta":{},"tags":[]},{"ancestorTitles":["executeWebSearch degraded-path telemetry"],"fullName":"executeWebSearch degraded-path telemetry returns empty source list when all provider results are unsafe or malformed","status":"passed","title":"returns empty source list when all provider results are unsafe or malformed","duration":1.563600000000065,"failureMessages":[],"meta":{},"tags":[]}],"startTime":1775403933981,"endTime":1775403934180.5637,"status":"passed","message":"","name":"C:/Users/conta/AI Chat/perplexity-ai-clone/tests/reliability/api-followups-reliability.test.ts"},{"assertionResults":[{"ancestorTitles":["cloudServices — deterministic failure semantics"],"fullName":"cloudServices — deterministic failure semantics fetchDropboxFiles throws on network failure instead of returning []","status":"passed","title":"fetchDropboxFiles throws on network failure instead of returning []","duration":194.55519999999996,"failureMessages":[],"meta":{},"tags":[]},{"ancestorTitles":["cloudServices — deterministic failure semantics"],"fullName":"cloudServices — deterministic failure semantics fetchGoogleDriveFiles throws on non-ok response instead of returning []","status":"passed","title":"fetchGoogleDriveFiles throws on non-ok response instead of returning []","duration":2.310100000000034,"failureMessages":[],"meta":{},"tags":[]},{"ancestorTitles":["cloudServices — deterministic failure semantics"],"fullName":"cloudServices — deterministic failure semantics fetchOneDriveFiles throws on non-ok response instead of returning []","status":"passed","title":"fetchOneDriveFiles throws on non-ok response instead of returning []","duration":1.0719000000000278,"failureMessages":[],"meta":{},"tags":[]},{"ancestorTitles":["cloudServices — deterministic failure semantics"],"fullName":"cloudServices — deterministic failure semantics fetchGitHubFiles throws on outer network failure instead of returning []","status":"passed","title":"fetchGitHubFiles throws on outer network failure instead of returning []","duration":1.023900000000026,"failureMessages":[],"meta":{},"tags":[]}],"startTime":1775403933980,"endTime":1775403934179.024,"status":"passed","message":"","name":"C:/Users/conta/AI Chat/perplexity-ai-clone/tests/reliability/cloud-services-reliability.test.ts"},{"assertionResults":[{"ancestorTitles":["codeChunker detectLanguage heuristics"],"fullName":"codeChunker detectLanguage heuristics detects tsx when React hooks are present","status":"passed","title":"detects tsx when React hooks are present","duration":1.7069999999999936,"failureMessages":[],"meta":{},"tags":[]},{"ancestorTitles":["codeChunker detectLanguage heuristics"],"fullName":"codeChunker detectLanguage heuristics detects jsx when React import appears near file head","status":"passed","title":"detects jsx when React import appears near file head","duration":0.19409999999999172,"failureMessages":[],"meta":{},"tags":[]},{"ancestorTitles":["codeChunker detectLanguage heuristics"],"fullName":"codeChunker detectLanguage heuristics detects python for def declarations with colon","status":"passed","title":"detects python for def declarations with colon","duration":0.16860000000002628,"failureMessages":[],"meta":{},"tags":[]},{"ancestorTitles":["codeChunker detectLanguage heuristics"],"fullName":"codeChunker detectLanguage heuristics detects python for class-only declarations with colon","status":"passed","title":"detects python for class-only declarations with colon","duration":0.16989999999998417,"failureMessages":[],"meta":{},"tags":[]},{"ancestorTitles":["codeChunker detectLanguage heuristics"],"fullName":"codeChunker detectLanguage heuristics falls back to typescript for common TS-like syntax","status":"passed","title":"falls back to typescript for common TS-like syntax","duration":0.16039999999998145,"failureMessages":[],"meta":{},"tags":[]},{"ancestorTitles":["codeChunker detectLanguage heuristics"],"fullName":"codeChunker detectLanguage heuristics returns text when no heuristic matches","status":"passed","title":"returns text when no heuristic matches","duration":0.13599999999999568,"failureMessages":[],"meta":{},"tags":[]}],"startTime":1775403934500,"endTime":1775403934503.1604,"status":"passed","message":"","name":"C:/Users/conta/AI Chat/perplexity-ai-clone/tests/reliability/code-chunker-detect-language.test.ts"},{"assertionResults":[{"ancestorTitles":["codeChunker reliability semantics"],"fullName":"codeChunker reliability semantics falls back to regex chunking when native tree-sitter is unavailable","status":"passed","title":"falls back to regex chunking when native tree-sitter is unavailable","duration":152.14929999999998,"failureMessages":[],"meta":{},"tags":[]},{"ancestorTitles":["codeChunker reliability semantics"],"fullName":"codeChunker reliability semantics splits python source on declaration boundaries in regex fallback mode","status":"passed","title":"splits python source on declaration boundaries in regex fallback mode","duration":45.31830000000002,"failureMessages":[],"meta":{},"tags":[]}],"startTime":1775403933984,"endTime":1775403934181.3184,"status":"passed","message":"","name":"C:/Users/conta/AI Chat/perplexity-ai-clone/tests/reliability/code-chunker-reliability.test.ts"},{"assertionResults":[{"ancestorTitles":["CRAG evaluator reliability semantics"],"fullName":"CRAG evaluator reliability semantics logs parse failures and degrades to ambiguous chunks on malformed evaluator output","status":"passed","title":"logs parse failures and degrades to ambiguous chunks on malformed evaluator output","duration":4.829000000000008,"failureMessages":[],"meta":{},"tags":[]}],"startTime":1775403934235,"endTime":1775403934239.829,"status":"passed","message":"","name":"C:/Users/conta/AI Chat/perplexity-ai-clone/tests/reliability/crag-evaluator-reliability.test.ts"},{"assertionResults":[{"ancestorTitles":["desktop automation guard bounds"],"fullName":"desktop automation guard bounds rejects non-integer or non-positive powershell session_id","status":"passed","title":"rejects non-integer or non-positive powershell session_id","duration":2.0751000000000204,"failureMessages":[],"meta":{},"tags":[]},{"ancestorTitles":["desktop automation guard bounds"],"fullName":"desktop automation guard bounds rejects oversize powershell command payloads","status":"passed","title":"rejects oversize powershell command payloads","duration":0.1688000000000045,"failureMessages":[],"meta":{},"tags":[]},{"ancestorTitles":["desktop automation guard bounds"],"fullName":"desktop automation guard bounds rejects invalid cwd for powershell_execute","status":"passed","title":"rejects invalid cwd for powershell_execute","duration":0.27599999999998204,"failureMessages":[],"meta":{},"tags":[]},{"ancestorTitles":["desktop automation guard bounds"],"fullName":"desktop automation guard bounds accepts bounded powershell_execute and session_create payloads","status":"passed","title":"accepts bounded powershell_execute and session_create payloads","duration":0.17980000000000018,"failureMessages":[],"meta":{},"tags":[]}],"startTime":1775403934521,"endTime":1775403934524.1797,"status":"passed","message":"","name":"C:/Users/conta/AI Chat/perplexity-ai-clone/tests/reliability/desktop-automation-guard-reliability.test.ts"},{"assertionResults":[{"ancestorTitles":["desktop automation tool runner deny-before-side-effect"],"fullName":"desktop automation tool runner deny-before-side-effect rejects invalid cwd before powershell session create side effects","status":"passed","title":"rejects invalid cwd before powershell session create side effects","duration":306.9832,"failureMessages":[],"meta":{},"tags":[]},{"ancestorTitles":["desktop automation tool runner deny-before-side-effect"],"fullName":"desktop automation tool runner deny-before-side-effect rejects invalid session id before powershell session write side effects","status":"passed","title":"rejects invalid session id before powershell session write side effects","duration":1.0298999999999978,"failureMessages":[],"meta":{},"tags":[]},{"ancestorTitles":["desktop automation tool runner deny-before-side-effect"],"fullName":"desktop automation tool runner deny-before-side-effect rejects oversized powershell session write command before terminal write","status":"passed","title":"rejects oversized powershell session write command before terminal write","duration":0.6075000000000728,"failureMessages":[],"meta":{},"tags":[]},{"ancestorTitles":["desktop automation tool runner deny-before-side-effect"],"fullName":"desktop automation tool runner deny-before-side-effect rejects invalid cwd before powershell execute side effects","status":"passed","title":"rejects invalid cwd before powershell execute side effects","duration":0.7038000000000011,"failureMessages":[],"meta":{},"tags":[]}],"startTime":1775403933981,"endTime":1775403934290.7039,"status":"passed","message":"","name":"C:/Users/conta/AI Chat/perplexity-ai-clone/tests/reliability/desktop-automation-tool-runner-reliability.test.ts"},{"assertionResults":[{"ancestorTitles":["digitalocean-api fetchDigitalOceanModels failure semantics"],"fullName":"digitalocean-api fetchDigitalOceanModels failure semantics throws on non-ok response with normalized API message","status":"passed","title":"throws on non-ok response with normalized API message","duration":236.92989999999998,"failureMessages":[],"meta":{},"tags":[]},{"ancestorTitles":["digitalocean-api fetchDigitalOceanModels failure semantics"],"fullName":"digitalocean-api fetchDigitalOceanModels failure semantics throws on network exceptions instead of returning []","status":"passed","title":"throws on network exceptions instead of returning []","duration":0.6825000000000045,"failureMessages":[],"meta":{},"tags":[]}],"startTime":1775403933980,"endTime":1775403934217.6826,"status":"passed","message":"","name":"C:/Users/conta/AI Chat/perplexity-ai-clone/tests/reliability/digitalocean-models-reliability.test.ts"},{"assertionResults":[{"ancestorTitles":["hallucination guard reliability semantics"],"fullName":"hallucination guard reliability semantics fails closed with explicit validation_error flag when audit model call fails","status":"passed","title":"fails closed with explicit validation_error flag when audit model call fails","duration":147.1526,"failureMessages":[],"meta":{},"tags":[]}],"startTime":1775403933984,"endTime":1775403934131.1526,"status":"passed","message":"","name":"C:/Users/conta/AI Chat/perplexity-ai-clone/tests/reliability/hallucination-guard-reliability.test.ts"},{"assertionResults":[{"ancestorTitles":["startup ingestion reliability semantics"],"fullName":"startup ingestion reliability semantics logs and forces re-ingest when metadata JSON is malformed","status":"passed","title":"logs and forces re-ingest when metadata JSON is malformed","duration":6.162199999999984,"failureMessages":[],"meta":{},"tags":[]}],"startTime":1775403934320,"endTime":1775403934326.162,"status":"passed","message":"","name":"C:/Users/conta/AI Chat/perplexity-ai-clone/tests/reliability/ingest-on-startup-reliability.test.ts"},{"assertionResults":[{"ancestorTitles":["inspector source mapping reliability"],"fullName":"inspector source mapping reliability falls back to DOM layout edit when source mapping is not implemented","status":"passed","title":"falls back to DOM layout edit when source mapping is not implemented","duration":5.018500000000017,"failureMessages":[],"meta":{},"tags":[]},{"ancestorTitles":["inspector source mapping reliability"],"fullName":"inspector source mapping reliability falls back to DOM attribute edit when source mapping is not implemented","status":"passed","title":"falls back to DOM attribute edit when source mapping is not implemented","duration":1.1747000000000298,"failureMessages":[],"meta":{},"tags":[]}],"startTime":1775403934385,"endTime":1775403934391.1748,"status":"passed","message":"","name":"C:/Users/conta/AI Chat/perplexity-ai-clone/tests/reliability/inspector-source-mapping-reliability.test.ts"},{"assertionResults":[{"ancestorTitles":["JarvisVision client reliability semantics"],"fullName":"JarvisVision client reliability semantics logs warning and returns non-alive on malformed JSON health response","status":"passed","title":"logs warning and returns non-alive on malformed JSON health response","duration":4.286000000000001,"failureMessages":[],"meta":{},"tags":[]},{"ancestorTitles":["JarvisVision client reliability semantics"],"fullName":"JarvisVision client reliability semantics logs warning and returns empty result when request throws","status":"passed","title":"logs warning and returns empty result when request throws","duration":0.990099999999984,"failureMessages":[],"meta":{},"tags":[]}],"startTime":1775403934173,"endTime":1775403934177.99,"status":"passed","message":"","name":"C:/Users/conta/AI Chat/perplexity-ai-clone/tests/reliability/jarvis-vision-client-reliability.test.ts"},{"assertionResults":[{"ancestorTitles":["jarvis vision proactive reliability"],"fullName":"jarvis vision proactive reliability emits reliability telemetry when proactive tick throws","status":"passed","title":"emits reliability telemetry when proactive tick throws","duration":4.923299999999983,"failureMessages":[],"meta":{},"tags":[]},{"ancestorTitles":["jarvis vision proactive reliability"],"fullName":"jarvis vision proactive reliability emits jarvis:speak once on motion rising edge","status":"passed","title":"emits jarvis:speak once on motion rising edge","duration":1.2346999999999753,"failureMessages":[],"meta":{},"tags":[]},{"ancestorTitles":["jarvis vision proactive reliability"],"fullName":"jarvis vision proactive reliability does not emit speech after stop when an in-flight tick resolves","status":"passed","title":"does not emit speech after stop when an in-flight tick resolves","duration":0.75,"failureMessages":[],"meta":{},"tags":[]},{"ancestorTitles":["jarvis vision proactive reliability"],"fullName":"jarvis vision proactive reliability falls back to default timings when invalid options are provided","status":"passed","title":"falls back to default timings when invalid options are provided","duration":0.7456999999999994,"failureMessages":[],"meta":{},"tags":[]}],"startTime":1775403934148,"endTime":1775403934155.7456,"status":"passed","message":"","name":"C:/Users/conta/AI Chat/perplexity-ai-clone/tests/reliability/jarvis-vision-proactive-reliability.test.ts"},{"assertionResults":[{"ancestorTitles":["orchestrator reliability semantics"],"fullName":"orchestrator reliability semantics logs and emits reliability telemetry when vision health probe fails","status":"passed","title":"logs and emits reliability telemetry when vision health probe fails","duration":4.067099999999982,"failureMessages":[],"meta":{},"tags":[]}],"startTime":1775403934796,"endTime":1775403934800.0671,"status":"passed","message":"","name":"C:/Users/conta/AI Chat/perplexity-ai-clone/tests/reliability/orchestrator-index-reliability.test.ts"},{"assertionResults":[{"ancestorTitles":["ragSearch degraded-path telemetry"],"fullName":"ragSearch degraded-path telemetry warns and returns [] when backend responds non-ok","status":"passed","title":"warns and returns [] when backend responds non-ok","duration":126.28549999999996,"failureMessages":[],"meta":{},"tags":[]},{"ancestorTitles":["ragSearch degraded-path telemetry"],"fullName":"ragSearch degraded-path telemetry warns with error and returns [] when request throws","status":"passed","title":"warns with error and returns [] when request throws","duration":0.8131999999999948,"failureMessages":[],"meta":{},"tags":[]},{"ancestorTitles":["ragListDocuments degraded-path telemetry"],"fullName":"ragListDocuments degraded-path telemetry warns and returns [] when list backend responds non-ok","status":"passed","title":"warns and returns [] when list backend responds non-ok","duration":0.4119000000000028,"failureMessages":[],"meta":{},"tags":[]},{"ancestorTitles":["ragListDocuments degraded-path telemetry"],"fullName":"ragListDocuments degraded-path telemetry warns with error and returns [] when list request throws","status":"passed","title":"warns with error and returns [] when list request throws","duration":0.4638999999999669,"failureMessages":[],"meta":{},"tags":[]},{"ancestorTitles":["ragGetDocument degraded-path telemetry"],"fullName":"ragGetDocument degraded-path telemetry warns and returns null when get backend responds non-ok","status":"passed","title":"warns and returns null when get backend responds non-ok","duration":0.566599999999994,"failureMessages":[],"meta":{},"tags":[]},{"ancestorTitles":["ragGetDocument degraded-path telemetry"],"fullName":"ragGetDocument degraded-path telemetry warns with error and returns null when get request throws","status":"passed","title":"warns with error and returns null when get request throws","duration":0.47870000000000346,"failureMessages":[],"meta":{},"tags":[]},{"ancestorTitles":["ragDownloadDocument degraded-path telemetry"],"fullName":"ragDownloadDocument degraded-path telemetry warns and returns null when download backend responds non-ok","status":"passed","title":"warns and returns null when download backend responds non-ok","duration":0.3088999999999942,"failureMessages":[],"meta":{},"tags":[]},{"ancestorTitles":["ragDownloadDocument degraded-path telemetry"],"fullName":"ragDownloadDocument degraded-path telemetry warns with error and returns null when download request throws","status":"passed","title":"warns with error and returns null when download request throws","duration":0.49509999999997945,"failureMessages":[],"meta":{},"tags":[]},{"ancestorTitles":["ragDeleteDocument degraded-path telemetry"],"fullName":"ragDeleteDocument degraded-path telemetry warns and returns false when delete backend responds non-ok","status":"passed","title":"warns and returns false when delete backend responds non-ok","duration":0.6066999999999894,"failureMessages":[],"meta":{},"tags":[]},{"ancestorTitles":["ragDeleteDocument degraded-path telemetry"],"fullName":"ragDeleteDocument degraded-path telemetry warns with error and returns false when delete request throws","status":"passed","title":"warns with error and returns false when delete request throws","duration":0.5059999999999718,"failureMessages":[],"meta":{},"tags":[]}],"startTime":1775403933984,"endTime":1775403934114.6067,"status":"passed","message":"","name":"C:/Users/conta/AI Chat/perplexity-ai-clone/tests/reliability/rag-search-reliability.test.ts"},{"assertionResults":[{"ancestorTitles":["realtime voice parsing degraded-path telemetry"],"fullName":"realtime voice parsing degraded-path telemetry warns and returns empty args when tool arguments payload is not a string","status":"passed","title":"warns and returns empty args when tool arguments payload is not a string","duration":3.335900000000038,"failureMessages":[],"meta":{},"tags":[]},{"ancestorTitles":["realtime voice parsing degraded-path telemetry"],"fullName":"realtime voice parsing degraded-path telemetry warns and returns empty args when tool arguments JSON is malformed","status":"passed","title":"warns and returns empty args when tool arguments JSON is malformed","duration":0.44830000000001746,"failureMessages":[],"meta":{},"tags":[]},{"ancestorTitles":["realtime voice parsing degraded-path telemetry"],"fullName":"realtime voice parsing degraded-path telemetry warns and returns empty args when decoded tool args are not an object","status":"passed","title":"warns and returns empty args when decoded tool args are not an object","duration":0.34800000000007003,"failureMessages":[],"meta":{},"tags":[]},{"ancestorTitles":["realtime voice parsing degraded-path telemetry"],"fullName":"realtime voice parsing degraded-path telemetry warns and drops malformed realtime websocket payloads","status":"passed","title":"warns and drops malformed realtime websocket payloads","duration":0.4551999999999907,"failureMessages":[],"meta":{},"tags":[]},{"ancestorTitles":["realtime voice parsing degraded-path telemetry"],"fullName":"realtime voice parsing degraded-path telemetry warns and drops websocket payloads when raw data is not a string","status":"passed","title":"warns and drops websocket payloads when raw data is not a string","duration":0.6148999999999205,"failureMessages":[],"meta":{},"tags":[]}],"startTime":1775403934661,"endTime":1775403934666.615,"status":"passed","message":"","name":"C:/Users/conta/AI Chat/perplexity-ai-clone/tests/reliability/realtime-voice-parsing-reliability.test.ts"},{"assertionResults":[{"ancestorTitles":["RetrievalGate reliability semantics"],"fullName":"RetrievalGate reliability semantics logs and falls back to session artifacts when session query throws","status":"passed","title":"logs and falls back to session artifacts when session query throws","duration":4.013599999999997,"failureMessages":[],"meta":{},"tags":[]},{"ancestorTitles":["RetrievalGate reliability semantics"],"fullName":"RetrievalGate reliability semantics logs and enables web fallback when long-term lookup fails","status":"passed","title":"logs and enables web fallback when long-term lookup fails","duration":0.7198000000000206,"failureMessages":[],"meta":{},"tags":[]}],"startTime":1775403934147,"endTime":1775403934151.7197,"status":"passed","message":"","name":"C:/Users/conta/AI Chat/perplexity-ai-clone/tests/reliability/retrieval-gate-reliability.test.ts"},{"assertionResults":[{"ancestorTitles":["runtime bridge degraded-path telemetry"],"fullName":"runtime bridge degraded-path telemetry warns and defaults req_key when localStorage read fails","status":"passed","title":"warns and defaults req_key when localStorage read fails","duration":402.8072,"failureMessages":[],"meta":{},"tags":[]},{"ancestorTitles":["runtime bridge degraded-path telemetry"],"fullName":"runtime bridge degraded-path telemetry warns and returns null when desktop appRoot bridge throws","status":"passed","title":"warns and returns null when desktop appRoot bridge throws","duration":42.879800000000046,"failureMessages":[],"meta":{},"tags":[]},{"ancestorTitles":["runtime bridge degraded-path telemetry"],"fullName":"runtime bridge degraded-path telemetry warns and returns null when browser directory picker fails","status":"passed","title":"warns and returns null when browser directory picker fails","duration":0.5502999999999929,"failureMessages":[],"meta":{},"tags":[]}],"startTime":1775403933985,"endTime":1775403934431.5503,"status":"passed","message":"","name":"C:/Users/conta/AI Chat/perplexity-ai-clone/tests/reliability/runtime-bridge-reliability.test.ts"},{"assertionResults":[{"ancestorTitles":["ScreenAgentLauncher reliability semantics"],"fullName":"ScreenAgentLauncher reliability semantics includes probe failure reason and clears running state when startup probe never succeeds","status":"passed","title":"includes probe failure reason and clears running state when startup probe never succeeds","duration":132.15550000000002,"failureMessages":[],"meta":{},"tags":[]}],"startTime":1775403933998,"endTime":1775403934130.1555,"status":"passed","message":"","name":"C:/Users/conta/AI Chat/perplexity-ai-clone/tests/reliability/screen-agent-launcher-reliability.test.ts"},{"assertionResults":[{"ancestorTitles":["SessionIndex reliability semantics"],"fullName":"SessionIndex reliability semantics query logs and falls back when chromaReady rejects","status":"passed","title":"query logs and falls back when chromaReady rejects","duration":8.863100000000031,"failureMessages":[],"meta":{},"tags":[]},{"ancestorTitles":["SessionIndex reliability semantics"],"fullName":"SessionIndex reliability semantics indexTurn continues in-memory indexing when chromaReady rejects","status":"passed","title":"indexTurn continues in-memory indexing when chromaReady rejects","duration":1.5339999999999918,"failureMessages":[],"meta":{},"tags":[]}],"startTime":1775403934305,"endTime":1775403934315.534,"status":"passed","message":"","name":"C:/Users/conta/AI Chat/perplexity-ai-clone/tests/reliability/session-index-reliability.test.ts"},{"assertionResults":[{"ancestorTitles":["social-api Threads posting reliability"],"fullName":"social-api Threads posting reliability uses fallback compose selector and verifies post success before returning success","status":"passed","title":"uses fallback compose selector and verifies post success before returning success","duration":6.499500000000012,"failureMessages":[],"meta":{},"tags":[]},{"ancestorTitles":["social-api Threads posting reliability"],"fullName":"social-api Threads posting reliability returns manual-check message when post click cannot be confirmed by snapshot","status":"passed","title":"returns manual-check message when post click cannot be confirmed by snapshot","duration":2.684100000000001,"failureMessages":[],"meta":{},"tags":[]}],"startTime":1775403934181,"endTime":1775403934190.684,"status":"passed","message":"","name":"C:/Users/conta/AI Chat/perplexity-ai-clone/tests/reliability/social-api-reliability.test.ts"},{"assertionResults":[{"ancestorTitles":["VerifierAgent reliability semantics"],"fullName":"VerifierAgent reliability semantics fails closed when verifier returns malformed JSON content","status":"passed","title":"fails closed when verifier returns malformed JSON content","duration":4.234300000000019,"failureMessages":[],"meta":{},"tags":[]},{"ancestorTitles":["VerifierAgent reliability semantics"],"fullName":"VerifierAgent reliability semantics fails closed when verifier API request throws","status":"passed","title":"fails closed when verifier API request throws","duration":1.2805000000000177,"failureMessages":[],"meta":{},"tags":[]}],"startTime":1775403934261,"endTime":1775403934266.2805,"status":"passed","message":"","name":"C:/Users/conta/AI Chat/perplexity-ai-clone/tests/reliability/verifier-agent-reliability.test.ts"},{"assertionResults":[{"ancestorTitles":["workerAgent._executeToolCalls — not_implemented stubs"],"fullName":"workerAgent._executeToolCalls — not_implemented stubs web_search: warns and returns not_implemented output","status":"passed","title":"web_search: warns and returns not_implemented output","duration":2.7127000000000407,"failureMessages":[],"meta":{},"tags":[]},{"ancestorTitles":["workerAgent._executeToolCalls — not_implemented stubs"],"fullName":"workerAgent._executeToolCalls — not_implemented stubs code_runner: warns and returns not_implemented output","status":"passed","title":"code_runner: warns and returns not_implemented output","duration":0.36750000000006366,"failureMessages":[],"meta":{},"tags":[]},{"ancestorTitles":["workerAgent._executeToolCalls — not_implemented stubs"],"fullName":"workerAgent._executeToolCalls — not_implemented stubs voice_synthesis: warns and returns not_implemented output","status":"passed","title":"voice_synthesis: warns and returns not_implemented output","duration":0.3342000000000098,"failureMessages":[],"meta":{},"tags":[]},{"ancestorTitles":["workerAgent._executeToolCalls — not_implemented stubs"],"fullName":"workerAgent._executeToolCalls — not_implemented stubs image_generation: warns and returns not_implemented output","status":"passed","title":"image_generation: warns and returns not_implemented output","duration":0.26329999999995835,"failureMessages":[],"meta":{},"tags":[]},{"ancestorTitles":["workerAgent._executeToolCalls — not_implemented stubs"],"fullName":"workerAgent._executeToolCalls — not_implemented stubs unknown tool: warns with tool name and returns not_implemented output","status":"passed","title":"unknown tool: warns with tool name and returns not_implemented output","duration":0.4722999999999047,"failureMessages":[],"meta":{},"tags":[]},{"ancestorTitles":["workerAgent._executeToolCalls — not_implemented stubs"],"fullName":"workerAgent._executeToolCalls — not_implemented stubs non-function tool type: skips warn and returns type-not-implemented output","status":"passed","title":"non-function tool type: skips warn and returns type-not-implemented output","duration":0.30110000000001946,"failureMessages":[],"meta":{},"tags":[]},{"ancestorTitles":["workerAgent._executeToolCalls — not_implemented stubs"],"fullName":"workerAgent._executeToolCalls — not_implemented stubs invalid JSON arguments: skips warn and returns invalid-json output","status":"passed","title":"invalid JSON arguments: skips warn and returns invalid-json output","duration":0.3091999999999189,"failureMessages":[],"meta":{},"tags":[]}],"startTime":1775403934656,"endTime":1775403934661.309,"status":"passed","message":"","name":"C:/Users/conta/AI Chat/perplexity-ai-clone/tests/reliability/worker-agent-stubs-reliability.test.ts"},{"assertionResults":[{"ancestorTitles":["Cluster D security invariants"],"fullName":"Cluster D security invariants blocks off-origin and protocol-relative OAuth return URLs","status":"passed","title":"blocks off-origin and protocol-relative OAuth return URLs","duration":2.975300000000061,"failureMessages":[],"meta":{},"tags":[]},{"ancestorTitles":["Cluster D security invariants"],"fullName":"Cluster D security invariants allows relative and same-origin OAuth return URLs","status":"passed","title":"allows relative and same-origin OAuth return URLs","duration":0.2661000000000513,"failureMessages":[],"meta":{},"tags":[]},{"ancestorTitles":["Cluster D security invariants"],"fullName":"Cluster D security invariants rejects mismatched or expired OAuth state values","status":"passed","title":"rejects mismatched or expired OAuth state values","duration":1.5655000000000427,"failureMessages":[],"meta":{},"tags":[]},{"ancestorTitles":["Cluster D security invariants"],"fullName":"Cluster D security invariants stores OAuth state and validates it only once to prevent replay","status":"passed","title":"stores OAuth state and validates it only once to prevent replay","duration":1.9709000000000287,"failureMessages":[],"meta":{},"tags":[]},{"ancestorTitles":["Cluster D security invariants"],"fullName":"Cluster D security invariants keeps Electron webview sandbox enabled","status":"passed","title":"keeps Electron webview sandbox enabled","duration":0.36389999999994416,"failureMessages":[],"meta":{},"tags":[]},{"ancestorTitles":["Cluster D security invariants"],"fullName":"Cluster D security invariants blocks SSRF targets in the browser proxy","status":"passed","title":"blocks SSRF targets in the browser proxy","duration":4.592599999999948,"failureMessages":[],"meta":{},"tags":[]},{"ancestorTitles":["Cluster D security invariants"],"fullName":"Cluster D security invariants routes semantic router embeddings through the server proxy","status":"passed","title":"routes semantic router embeddings through the server proxy","duration":2.24879999999996,"failureMessages":[],"meta":{},"tags":[]}],"startTime":1775403934473,"endTime":1775403934487.2488,"status":"passed","message":"","name":"C:/Users/conta/AI Chat/perplexity-ai-clone/tests/security/cluster-d-security.test.ts"},{"assertionResults":[{"ancestorTitles":["desktop automation IPC sender guard"],"fullName":"desktop automation IPC sender guard allows trusted local/internal sender URLs only","status":"passed","title":"allows trusted local/internal sender URLs only","duration":1.757000000000005,"failureMessages":[],"meta":{},"tags":[]},{"ancestorTitles":["desktop automation IPC sender guard"],"fullName":"desktop automation IPC sender guard rejects spoofed and non-local sender URLs","status":"passed","title":"rejects spoofed and non-local sender URLs","duration":1.4359999999999786,"failureMessages":[],"meta":{},"tags":[]},{"ancestorTitles":["desktop automation IPC sender guard"],"fullName":"desktop automation IPC sender guard uses sender.getURL fallback when senderFrame is unavailable","status":"passed","title":"uses sender.getURL fallback when senderFrame is unavailable","duration":0.35199999999997544,"failureMessages":[],"meta":{},"tags":[]},{"ancestorTitles":["PowerShell command policy"],"fullName":"PowerShell command policy blocks encoded command execution attempts","status":"passed","title":"blocks encoded command execution attempts","duration":0.397199999999998,"failureMessages":[],"meta":{},"tags":[]},{"ancestorTitles":["PowerShell command policy"],"fullName":"PowerShell command policy blocks overlong command payloads","status":"passed","title":"blocks overlong command payloads","duration":0.18500000000000227,"failureMessages":[],"meta":{},"tags":[]},{"ancestorTitles":["PowerShell command policy"],"fullName":"PowerShell command policy allows normal short command execution","status":"passed","title":"allows normal short command execution","duration":0.1846999999999639,"failureMessages":[],"meta":{},"tags":[]},{"ancestorTitles":["PowerShell command policy"],"fullName":"PowerShell command policy returns denial results before invoking privileged automation paths","status":"passed","title":"returns denial results before invoking privileged automation paths","duration":0.41320000000001755,"failureMessages":[],"meta":{},"tags":[]},{"ancestorTitles":["desktop automation IPC denial execution"],"fullName":"desktop automation IPC denial execution rejects untrusted screen-source requests before desktop capture runs","status":"passed","title":"rejects untrusted screen-source requests before desktop capture runs","duration":3.2708000000000084,"failureMessages":[],"meta":{},"tags":[]},{"ancestorTitles":["desktop automation IPC denial execution"],"fullName":"desktop automation IPC denial execution registers display-media request handling for controlled screen capture","status":"passed","title":"registers display-media request handling for controlled screen capture","duration":1.1977999999999724,"failureMessages":[],"meta":{},"tags":[]},{"ancestorTitles":["desktop automation IPC denial execution"],"fullName":"desktop automation IPC denial execution allows trusted screen-source requests and returns mapped source payloads","status":"passed","title":"allows trusted screen-source requests and returns mapped source payloads","duration":1.8607000000000085,"failureMessages":[],"meta":{},"tags":[]},{"ancestorTitles":["desktop automation IPC denial execution"],"fullName":"desktop automation IPC denial execution returns a denial result for untrusted PowerShell execution before spawning a process","status":"passed","title":"returns a denial result for untrusted PowerShell execution before spawning a process","duration":1.9560000000000173,"failureMessages":[],"meta":{},"tags":[]},{"ancestorTitles":["desktop automation IPC denial execution"],"fullName":"desktop automation IPC denial execution rejects trusted PowerShell requests with invalid cwd before process spawn","status":"passed","title":"rejects trusted PowerShell requests with invalid cwd before process spawn","duration":1.4295999999999935,"failureMessages":[],"meta":{},"tags":[]},{"ancestorTitles":["desktop automation IPC denial execution"],"fullName":"desktop automation IPC denial execution rejects trusted PowerShell requests blocked by safety policy before process spawn","status":"passed","title":"rejects trusted PowerShell requests blocked by safety policy before process spawn","duration":1.9546000000000276,"failureMessages":[],"meta":{},"tags":[]},{"ancestorTitles":["desktop automation IPC denial execution"],"fullName":"desktop automation IPC denial execution returns a denial result for untrusted native mouse clicks before automation fallback runs","status":"passed","title":"returns a denial result for untrusted native mouse clicks before automation fallback runs","duration":1.2434999999999832,"failureMessages":[],"meta":{},"tags":[]},{"ancestorTitles":["desktop automation IPC denial execution"],"fullName":"desktop automation IPC denial execution returns a denial result for untrusted native mouse movement before automation fallback runs","status":"passed","title":"returns a denial result for untrusted native mouse movement before automation fallback runs","duration":1.2416000000000054,"failureMessages":[],"meta":{},"tags":[]}],"startTime":1775403934033,"endTime":1775403934052.2417,"status":"passed","message":"","name":"C:/Users/conta/AI Chat/perplexity-ai-clone/tests/security/desktop-automation-ipc-guard.test.ts"},{"assertionResults":[{"ancestorTitles":["main process jarvis-ide IPC sender guards"],"fullName":"main process jarvis-ide IPC sender guards enforces isInternalSender(event) checks for privileged jarvis-ide channels","status":"passed","title":"enforces isInternalSender(event) checks for privileged jarvis-ide channels","duration":3.2165999999999997,"failureMessages":[],"meta":{},"tags":[]},{"ancestorTitles":["main process jarvis-ide IPC sender guards"],"fullName":"main process jarvis-ide IPC sender guards returns explicit security denial markers on command and git channels","status":"passed","title":"returns explicit security denial markers on command and git channels","duration":0.2691000000000088,"failureMessages":[],"meta":{},"tags":[]},{"ancestorTitles":["main process jarvis-ide IPC sender guards"],"fullName":"main process jarvis-ide IPC sender guards hits the denial branch before privileged side effects run","status":"passed","title":"hits the denial branch before privileged side effects run","duration":1.1547999999999945,"failureMessages":[],"meta":{},"tags":[]}],"startTime":1775403934388,"endTime":1775403934392.1548,"status":"passed","message":"","name":"C:/Users/conta/AI Chat/perplexity-ai-clone/tests/security/main-ipc-jarvis-ide-guards.test.ts"},{"assertionResults":[{"ancestorTitles":["main process IPC runtime denial paths"],"fullName":"main process IPC runtime denial paths denies untrusted jarvis-ide-open-files requests before dialog calls","status":"passed","title":"denies untrusted jarvis-ide-open-files requests before dialog calls","duration":490.71369999999996,"failureMessages":[],"meta":{},"tags":[]},{"ancestorTitles":["main process IPC runtime denial paths"],"fullName":"main process IPC runtime denial paths denies untrusted jarvis-ide-fs-read requests before file system reads","status":"passed","title":"denies untrusted jarvis-ide-fs-read requests before file system reads","duration":4.86749999999995,"failureMessages":[],"meta":{},"tags":[]},{"ancestorTitles":["main process IPC runtime denial paths"],"fullName":"main process IPC runtime denial paths denies untrusted jarvis-ide-fs-write requests before file system writes","status":"passed","title":"denies untrusted jarvis-ide-fs-write requests before file system writes","duration":5.53309999999999,"failureMessages":[],"meta":{},"tags":[]},{"ancestorTitles":["main process IPC runtime denial paths"],"fullName":"main process IPC runtime denial paths denies untrusted jarvis-ide-fs-delete requests before file deletion","status":"passed","title":"denies untrusted jarvis-ide-fs-delete requests before file deletion","duration":3.7352999999999383,"failureMessages":[],"meta":{},"tags":[]},{"ancestorTitles":["main process IPC runtime denial paths"],"fullName":"main process IPC runtime denial paths denies untrusted jarvis-ide-fs-mkdir requests before directory creation","status":"passed","title":"denies untrusted jarvis-ide-fs-mkdir requests before directory creation","duration":4.786899999999946,"failureMessages":[],"meta":{},"tags":[]},{"ancestorTitles":["main process IPC runtime denial paths"],"fullName":"main process IPC runtime denial paths denies untrusted jarvis-ide-shell-open-path requests before shell invocation","status":"passed","title":"denies untrusted jarvis-ide-shell-open-path requests before shell invocation","duration":3.671699999999987,"failureMessages":[],"meta":{},"tags":[]},{"ancestorTitles":["main process IPC runtime denial paths"],"fullName":"main process IPC runtime denial paths denies untrusted jarvis-ide-open-external requests before shell invocation","status":"passed","title":"denies untrusted jarvis-ide-open-external requests before shell invocation","duration":3.5177999999999656,"failureMessages":[],"meta":{},"tags":[]},{"ancestorTitles":["main process IPC runtime denial paths"],"fullName":"main process IPC runtime denial paths rejects trusted jarvis-ide-open-external requests with unsafe scheme before shell invocation","status":"passed","title":"rejects trusted jarvis-ide-open-external requests with unsafe scheme before shell invocation","duration":4.0721999999999525,"failureMessages":[],"meta":{},"tags":[]},{"ancestorTitles":["main process IPC runtime denial paths"],"fullName":"main process IPC runtime denial paths rejects trusted jarvis-ide-open-external requests with URL credentials before shell invocation","status":"passed","title":"rejects trusted jarvis-ide-open-external requests with URL credentials before shell invocation","duration":4.23619999999994,"failureMessages":[],"meta":{},"tags":[]},{"ancestorTitles":["main process IPC runtime denial paths"],"fullName":"main process IPC runtime denial paths denies untrusted jarvis-ide-quit requests before app quit side effect","status":"passed","title":"denies untrusted jarvis-ide-quit requests before app quit side effect","duration":3.542799999999943,"failureMessages":[],"meta":{},"tags":[]},{"ancestorTitles":["main process IPC runtime denial paths"],"fullName":"main process IPC runtime denial paths denies untrusted jarvis-ide-run-command requests before process execution","status":"passed","title":"denies untrusted jarvis-ide-run-command requests before process execution","duration":3.567099999999982,"failureMessages":[],"meta":{},"tags":[]},{"ancestorTitles":["main process IPC runtime denial paths"],"fullName":"main process IPC runtime denial paths denies untrusted jarvis-ide-git requests before process execution","status":"passed","title":"denies untrusted jarvis-ide-git requests before process execution","duration":3.6076000000000477,"failureMessages":[],"meta":{},"tags":[]},{"ancestorTitles":["main process IPC runtime denial paths"],"fullName":"main process IPC runtime denial paths denies untrusted terminal-create requests before session spawn","status":"passed","title":"denies untrusted terminal-create requests before session spawn","duration":4.019199999999955,"failureMessages":[],"meta":{},"tags":[]},{"ancestorTitles":["main process IPC runtime denial paths"],"fullName":"main process IPC runtime denial paths denies untrusted terminal-write requests before session mutation","status":"passed","title":"denies untrusted terminal-write requests before session mutation","duration":4.04079999999999,"failureMessages":[],"meta":{},"tags":[]},{"ancestorTitles":["main process IPC runtime denial paths"],"fullName":"main process IPC runtime denial paths denies untrusted terminal-kill requests before session mutation","status":"passed","title":"denies untrusted terminal-kill requests before session mutation","duration":3.414199999999937,"failureMessages":[],"meta":{},"tags":[]},{"ancestorTitles":["main process IPC runtime denial paths"],"fullName":"main process IPC runtime denial paths denies untrusted terminal-list requests with empty response","status":"passed","title":"denies untrusted terminal-list requests with empty response","duration":4.114000000000033,"failureMessages":[],"meta":{},"tags":[]}],"startTime":1775403933983,"endTime":1775403934535.114,"status":"passed","message":"","name":"C:/Users/conta/AI Chat/perplexity-ai-clone/tests/security/main-ipc-runtime-denial.test.ts"},{"assertionResults":[{"ancestorTitles":["OAuth client secret boundaries"],"fullName":"OAuth client secret boundaries stores timestamped OAuth state and preserves safe return path in auth URLs","status":"passed","title":"stores timestamped OAuth state and preserves safe return path in auth URLs","duration":5.225800000000049,"failureMessages":[],"meta":{},"tags":[]},{"ancestorTitles":["OAuth client secret boundaries"],"fullName":"OAuth client secret boundaries generates PKCE code verifiers using URL-safe RFC7636 charset and valid length","status":"passed","title":"generates PKCE code verifiers using URL-safe RFC7636 charset and valid length","duration":1.2736999999999625,"failureMessages":[],"meta":{},"tags":[]},{"ancestorTitles":["OAuth client secret boundaries"],"fullName":"OAuth client secret boundaries uses the server-side proxy for OAuth code exchange without sending a client secret","status":"passed","title":"uses the server-side proxy for OAuth code exchange without sending a client secret","duration":3.4109999999999445,"failureMessages":[],"meta":{},"tags":[]},{"ancestorTitles":["OAuth client secret boundaries"],"fullName":"OAuth client secret boundaries uses the server-side proxy for token refresh without sending a client secret","status":"passed","title":"uses the server-side proxy for token refresh without sending a client secret","duration":0.8942000000000689,"failureMessages":[],"meta":{},"tags":[]},{"ancestorTitles":["OAuth client secret boundaries"],"fullName":"OAuth client secret boundaries builds Spotify auth URLs with PKCE and no client secret","status":"passed","title":"builds Spotify auth URLs with PKCE and no client secret","duration":1.786899999999946,"failureMessages":[],"meta":{},"tags":[]},{"ancestorTitles":["OAuth client secret boundaries"],"fullName":"OAuth client secret boundaries exchanges Spotify codes with PKCE verifier and removes it after use","status":"passed","title":"exchanges Spotify codes with PKCE verifier and removes it after use","duration":0.875699999999938,"failureMessages":[],"meta":{},"tags":[]},{"ancestorTitles":["OAuth client secret boundaries"],"fullName":"OAuth client secret boundaries refreshes Spotify tokens with client id only and no client secret","status":"passed","title":"refreshes Spotify tokens with client id only and no client secret","duration":0.4954000000000178,"failureMessages":[],"meta":{},"tags":[]}],"startTime":1775403934302,"endTime":1775403934315.8757,"status":"passed","message":"","name":"C:/Users/conta/AI Chat/perplexity-ai-clone/tests/security/oauth-secret-boundary.test.ts"},{"assertionResults":[{"ancestorTitles":["Proxy middleware security boundaries"],"fullName":"Proxy middleware security boundaries blocks SSRF targets in the browse proxy before any upstream fetch","status":"passed","title":"blocks SSRF targets in the browse proxy before any upstream fetch","duration":3.5510000000000446,"failureMessages":[],"meta":{},"tags":[]},{"ancestorTitles":["Proxy middleware security boundaries"],"fullName":"Proxy middleware security boundaries blocks redirect chains that resolve to private or loopback hosts","status":"passed","title":"blocks redirect chains that resolve to private or loopback hosts","duration":12.728599999999915,"failureMessages":[],"meta":{},"tags":[]},{"ancestorTitles":["Proxy middleware security boundaries"],"fullName":"Proxy middleware security boundaries sanitizes iframe-breaking headers and injects navigation controls into proxied HTML","status":"passed","title":"sanitizes iframe-breaking headers and injects navigation controls into proxied HTML","duration":2.4343000000000075,"failureMessages":[],"meta":{},"tags":[]},{"ancestorTitles":["Proxy middleware security boundaries"],"fullName":"Proxy middleware security boundaries rejects embeddings requests when the server-side OpenAI key is missing","status":"passed","title":"rejects embeddings requests when the server-side OpenAI key is missing","duration":3.6957000000001017,"failureMessages":[],"meta":{},"tags":[]},{"ancestorTitles":["Proxy middleware security boundaries"],"fullName":"Proxy middleware security boundaries adds OAuth client secrets server-side during code exchange and ignores client-supplied secrets","status":"passed","title":"adds OAuth client secrets server-side during code exchange and ignores client-supplied secrets","duration":3.1163999999999987,"failureMessages":[],"meta":{},"tags":[]},{"ancestorTitles":["Proxy middleware security boundaries"],"fullName":"Proxy middleware security boundaries adds OAuth client id and secret server-side during refresh and ignores missing client data from the browser","status":"passed","title":"adds OAuth client id and secret server-side during refresh and ignores missing client data from the browser","duration":0.8527000000000271,"failureMessages":[],"meta":{},"tags":[]}],"startTime":1775403934579,"endTime":1775403934604.8528,"status":"passed","message":"","name":"C:/Users/conta/AI Chat/perplexity-ai-clone/tests/security/proxy-middleware-security.test.ts"},{"assertionResults":[{"ancestorTitles":["cloud download input validation"],"fullName":"cloud download input validation rejects Dropbox traversal paths before fetch","status":"passed","title":"rejects Dropbox traversal paths before fetch","duration":192.99360000000007,"failureMessages":[],"meta":{},"tags":[]},{"ancestorTitles":["cloud download input validation"],"fullName":"cloud download input validation rejects malformed Google Drive file id before fetch","status":"passed","title":"rejects malformed Google Drive file id before fetch","duration":1.0206000000000586,"failureMessages":[],"meta":{},"tags":[]},{"ancestorTitles":["cloud download input validation"],"fullName":"cloud download input validation rejects malformed OneDrive file id before fetch","status":"passed","title":"rejects malformed OneDrive file id before fetch","duration":0.9908000000000357,"failureMessages":[],"meta":{},"tags":[]},{"ancestorTitles":["cloud download input validation"],"fullName":"cloud download input validation rejects GitHub path traversal before fetch","status":"passed","title":"rejects GitHub path traversal before fetch","duration":1.199799999999982,"failureMessages":[],"meta":{},"tags":[]},{"ancestorTitles":["cloud download input validation"],"fullName":"cloud download input validation allows valid GitHub repo paths and calls fetch","status":"passed","title":"allows valid GitHub repo paths and calls fetch","duration":1.7771999999999935,"failureMessages":[],"meta":{},"tags":[]}],"startTime":1775403933985,"endTime":1775403934182.777,"status":"passed","message":"","name":"C:/Users/conta/AI Chat/perplexity-ai-clone/tests/validation/cloud-services-download-validation.test.ts"},{"assertionResults":[{"ancestorTitles":["Browser navigation URL validation — integration","isEmbeddableBrowserNavigationUrl"],"fullName":"Browser navigation URL validation — integration isEmbeddableBrowserNavigationUrl accepts http and https web URLs","status":"passed","title":"accepts http and https web URLs","duration":1.6365999999999872,"failureMessages":[],"meta":{},"tags":[]},{"ancestorTitles":["Browser navigation URL validation — integration","isEmbeddableBrowserNavigationUrl"],"fullName":"Browser navigation URL validation — integration isEmbeddableBrowserNavigationUrl rejects dangerous schemes","status":"passed","title":"rejects dangerous schemes","duration":0.36419999999998254,"failureMessages":[],"meta":{},"tags":[]},{"ancestorTitles":["Browser navigation URL validation — integration","isEmbeddableBrowserNavigationUrl"],"fullName":"Browser navigation URL validation — integration isEmbeddableBrowserNavigationUrl rejects OAuth token endpoints","status":"passed","title":"rejects OAuth token endpoints","duration":0.3079999999999927,"failureMessages":[],"meta":{},"tags":[]},{"ancestorTitles":["Browser navigation URL validation — integration","isEmbeddableBrowserNavigationUrl"],"fullName":"Browser navigation URL validation — integration isEmbeddableBrowserNavigationUrl rejects identity provider paths","status":"passed","title":"rejects identity provider paths","duration":0.32190000000002783,"failureMessages":[],"meta":{},"tags":[]},{"ancestorTitles":["Browser navigation URL validation — integration","isEmbeddableBrowserNavigationUrl"],"fullName":"Browser navigation URL validation — integration isEmbeddableBrowserNavigationUrl accepts regular identity paths that are not tokens","status":"passed","title":"accepts regular identity paths that are not tokens","duration":0.22239999999999327,"failureMessages":[],"meta":{},"tags":[]},{"ancestorTitles":["Browser navigation URL validation — integration","isEmbeddableBrowserNavigationUrl"],"fullName":"Browser navigation URL validation — integration isEmbeddableBrowserNavigationUrl rejects malformed URLs","status":"passed","title":"rejects malformed URLs","duration":0.2656000000000063,"failureMessages":[],"meta":{},"tags":[]},{"ancestorTitles":["Browser navigation URL validation — integration","isEmbeddableBrowserNavigationUrl"],"fullName":"Browser navigation URL validation — integration isEmbeddableBrowserNavigationUrl is case-insensitive for path checking","status":"passed","title":"is case-insensitive for path checking","duration":0.14990000000000236,"failureMessages":[],"meta":{},"tags":[]},{"ancestorTitles":["Browser navigation URL validation — integration","sanitizeRedirectUrl — browser navigation fallback"],"fullName":"Browser navigation URL validation — integration sanitizeRedirectUrl — browser navigation fallback accepts relative URLs (same-origin, safe for navigation)","status":"passed","title":"accepts relative URLs (same-origin, safe for navigation)","duration":0.21649999999999636,"failureMessages":[],"meta":{},"tags":[]},{"ancestorTitles":["Browser navigation URL validation — integration","sanitizeRedirectUrl — browser navigation fallback"],"fullName":"Browser navigation URL validation — integration sanitizeRedirectUrl — browser navigation fallback accepts hash URLs (anchor navigation)","status":"passed","title":"accepts hash URLs (anchor navigation)","duration":0.15370000000001482,"failureMessages":[],"meta":{},"tags":[]},{"ancestorTitles":["Browser navigation URL validation — integration","sanitizeRedirectUrl — browser navigation fallback"],"fullName":"Browser navigation URL validation — integration sanitizeRedirectUrl — browser navigation fallback rejects absolute cross-origin URLs when no allowlist provided","status":"passed","title":"rejects absolute cross-origin URLs when no allowlist provided","duration":0.21100000000001273,"failureMessages":[],"meta":{},"tags":[]},{"ancestorTitles":["Browser navigation URL validation — integration","sanitizeRedirectUrl — browser navigation fallback"],"fullName":"Browser navigation URL validation — integration sanitizeRedirectUrl — browser navigation fallback accepts absolute URLs matching allowed origins","status":"passed","title":"accepts absolute URLs matching allowed origins","duration":0.3055999999999699,"failureMessages":[],"meta":{},"tags":[]},{"ancestorTitles":["Browser navigation URL validation — integration","sanitizeRedirectUrl — browser navigation fallback"],"fullName":"Browser navigation URL validation — integration sanitizeRedirectUrl — browser navigation fallback rejects javascript: and data: schemes","status":"passed","title":"rejects javascript: and data: schemes","duration":0.1028999999999769,"failureMessages":[],"meta":{},"tags":[]},{"ancestorTitles":["Browser navigation URL validation — integration","sanitizeRedirectUrl — browser navigation fallback"],"fullName":"Browser navigation URL validation — integration sanitizeRedirectUrl — browser navigation fallback falls back to relative URLs on invalid input","status":"passed","title":"falls back to relative URLs on invalid input","duration":0.1453000000000202,"failureMessages":[],"meta":{},"tags":[]},{"ancestorTitles":["Browser navigation URL validation — integration","Browser navigation security — combined validation paths"],"fullName":"Browser navigation URL validation — integration Browser navigation security — combined validation paths embeddable guard prevents iframe injection via OAuth URLs","status":"passed","title":"embeddable guard prevents iframe injection via OAuth URLs","duration":0.2958000000000425,"failureMessages":[],"meta":{},"tags":[]},{"ancestorTitles":["Browser navigation URL validation — integration","Browser navigation security — combined validation paths"],"fullName":"Browser navigation URL validation — integration Browser navigation security — combined validation paths sanitize redirect protects against open-redirect via safe origin list","status":"passed","title":"sanitize redirect protects against open-redirect via safe origin list","duration":0.20060000000000855,"failureMessages":[],"meta":{},"tags":[]},{"ancestorTitles":["Browser navigation URL validation — integration","Browser navigation security — combined validation paths"],"fullName":"Browser navigation URL validation — integration Browser navigation security — combined validation paths relative URLs are safe for same-origin navigation fallback","status":"passed","title":"relative URLs are safe for same-origin navigation fallback","duration":0.07949999999999591,"failureMessages":[],"meta":{},"tags":[]},{"ancestorTitles":["Browser navigation URL validation — integration","Browser navigation security — combined validation paths"],"fullName":"Browser navigation URL validation — integration Browser navigation security — combined validation paths handles encoding edge cases gracefully","status":"passed","title":"handles encoding edge cases gracefully","duration":0.1341000000000463,"failureMessages":[],"meta":{},"tags":[]},{"ancestorTitles":["Browser navigation URL validation — integration","Browser navigation security — combined validation paths"],"fullName":"Browser navigation URL validation — integration Browser navigation security — combined validation paths combined: embeddable + redirect validation cover OAuth and cross-origin attacks","status":"passed","title":"combined: embeddable + redirect validation cover OAuth and cross-origin attacks","duration":0.09530000000000882,"failureMessages":[],"meta":{},"tags":[]}],"startTime":1775403934214,"endTime":1775403934220.0952,"status":"passed","message":"","name":"C:/Users/conta/AI Chat/perplexity-ai-clone/tests/validation/url-validation-browser-integration.test.ts"},{"assertionResults":[{"ancestorTitles":["url-validation","isValidUrl"],"fullName":"url-validation isValidUrl accepts valid http urls","status":"passed","title":"accepts valid http urls","duration":1.519900000000007,"failureMessages":[],"meta":{},"tags":[]},{"ancestorTitles":["url-validation","isValidUrl"],"fullName":"url-validation isValidUrl accepts valid https urls","status":"passed","title":"accepts valid https urls","duration":0.2299000000000433,"failureMessages":[],"meta":{},"tags":[]},{"ancestorTitles":["url-validation","isValidUrl"],"fullName":"url-validation isValidUrl rejects non-http schemes","status":"passed","title":"rejects non-http schemes","duration":0.18549999999999045,"failureMessages":[],"meta":{},"tags":[]},{"ancestorTitles":["url-validation","isValidUrl"],"fullName":"url-validation isValidUrl rejects malformed urls","status":"passed","title":"rejects malformed urls","duration":0.2115000000000009,"failureMessages":[],"meta":{},"tags":[]},{"ancestorTitles":["url-validation","isValidUrl"],"fullName":"url-validation isValidUrl rejects non-string inputs","status":"passed","title":"rejects non-string inputs","duration":0.11719999999996844,"failureMessages":[],"meta":{},"tags":[]},{"ancestorTitles":["url-validation","isSafeScheme"],"fullName":"url-validation isSafeScheme accepts http and https","status":"passed","title":"accepts http and https","duration":0.14239999999995234,"failureMessages":[],"meta":{},"tags":[]},{"ancestorTitles":["url-validation","isSafeScheme"],"fullName":"url-validation isSafeScheme accepts websocket schemes","status":"passed","title":"accepts websocket schemes","duration":0.08210000000002537,"failureMessages":[],"meta":{},"tags":[]},{"ancestorTitles":["url-validation","isSafeScheme"],"fullName":"url-validation isSafeScheme rejects dangerous schemes","status":"passed","title":"rejects dangerous schemes","duration":0.21769999999997935,"failureMessages":[],"meta":{},"tags":[]},{"ancestorTitles":["url-validation","isSafeScheme"],"fullName":"url-validation isSafeScheme handles edge cases","status":"passed","title":"handles edge cases","duration":0.14409999999998035,"failureMessages":[],"meta":{},"tags":[]},{"ancestorTitles":["url-validation","isOriginAllowed"],"fullName":"url-validation isOriginAllowed accepts exact origin matches","status":"passed","title":"accepts exact origin matches","duration":0.21409999999997353,"failureMessages":[],"meta":{},"tags":[]},{"ancestorTitles":["url-validation","isOriginAllowed"],"fullName":"url-validation isOriginAllowed rejects mismatched origins","status":"passed","title":"rejects mismatched origins","duration":0.12740000000002283,"failureMessages":[],"meta":{},"tags":[]},{"ancestorTitles":["url-validation","isOriginAllowed"],"fullName":"url-validation isOriginAllowed supports subdomain wildcards","status":"passed","title":"supports subdomain wildcards","duration":0.16219999999998436,"failureMessages":[],"meta":{},"tags":[]},{"ancestorTitles":["url-validation","isOriginAllowed"],"fullName":"url-validation isOriginAllowed supports multiple allowed origins","status":"passed","title":"supports multiple allowed origins","duration":0.11470000000002756,"failureMessages":[],"meta":{},"tags":[]},{"ancestorTitles":["url-validation","isOriginAllowed"],"fullName":"url-validation isOriginAllowed is case-sensitive for origin but allows wildcard matching","status":"passed","title":"is case-sensitive for origin but allows wildcard matching","duration":0.20350000000001955,"failureMessages":[],"meta":{},"tags":[]},{"ancestorTitles":["url-validation","parseUrlSafely"],"fullName":"url-validation parseUrlSafely parses valid urls into components","status":"passed","title":"parses valid urls into components","duration":0.6312999999999533,"failureMessages":[],"meta":{},"tags":[]},{"ancestorTitles":["url-validation","parseUrlSafely"],"fullName":"url-validation parseUrlSafely handles simple urls","status":"passed","title":"handles simple urls","duration":0.23140000000000782,"failureMessages":[],"meta":{},"tags":[]},{"ancestorTitles":["url-validation","parseUrlSafely"],"fullName":"url-validation parseUrlSafely returns null for invalid urls","status":"passed","title":"returns null for invalid urls","duration":0.14390000000003056,"failureMessages":[],"meta":{},"tags":[]},{"ancestorTitles":["url-validation","parseUrlSafely"],"fullName":"url-validation parseUrlSafely handles urls with fragments","status":"passed","title":"handles urls with fragments","duration":0.08039999999999736,"failureMessages":[],"meta":{},"tags":[]},{"ancestorTitles":["url-validation","isPathTraversalAttempt"],"fullName":"url-validation isPathTraversalAttempt rejects direct .. attempts","status":"passed","title":"rejects direct .. attempts","duration":0.11940000000004147,"failureMessages":[],"meta":{},"tags":[]},{"ancestorTitles":["url-validation","isPathTraversalAttempt"],"fullName":"url-validation isPathTraversalAttempt rejects percent-encoded .. attempts","status":"passed","title":"rejects percent-encoded .. attempts","duration":0.15320000000002665,"failureMessages":[],"meta":{},"tags":[]},{"ancestorTitles":["url-validation","isPathTraversalAttempt"],"fullName":"url-validation isPathTraversalAttempt rejects double-encoded .. attempts","status":"passed","title":"rejects double-encoded .. attempts","duration":0.05570000000000164,"failureMessages":[],"meta":{},"tags":[]},{"ancestorTitles":["url-validation","isPathTraversalAttempt"],"fullName":"url-validation isPathTraversalAttempt accepts safe pathnames","status":"passed","title":"accepts safe pathnames","duration":0.160000000000025,"failureMessages":[],"meta":{},"tags":[]},{"ancestorTitles":["url-validation","isPathTraversalAttempt"],"fullName":"url-validation isPathTraversalAttempt accepts paths with dots that are not traversal","status":"passed","title":"accepts paths with dots that are not traversal","duration":0.11239999999997963,"failureMessages":[],"meta":{},"tags":[]},{"ancestorTitles":["url-validation","sanitizeRedirectUrl"],"fullName":"url-validation sanitizeRedirectUrl accepts relative urls (same-origin)","status":"passed","title":"accepts relative urls (same-origin)","duration":0.1057999999999879,"failureMessages":[],"meta":{},"tags":[]},{"ancestorTitles":["url-validation","sanitizeRedirectUrl"],"fullName":"url-validation sanitizeRedirectUrl accepts hash urls (anchor)","status":"passed","title":"accepts hash urls (anchor)","duration":0.05099999999998772,"failureMessages":[],"meta":{},"tags":[]},{"ancestorTitles":["url-validation","sanitizeRedirectUrl"],"fullName":"url-validation sanitizeRedirectUrl accepts absolute urls matching allowed origins","status":"passed","title":"accepts absolute urls matching allowed origins","duration":0.06460000000004129,"failureMessages":[],"meta":{},"tags":[]},{"ancestorTitles":["url-validation","sanitizeRedirectUrl"],"fullName":"url-validation sanitizeRedirectUrl rejects absolute urls not in allowed list","status":"passed","title":"rejects absolute urls not in allowed list","duration":0.15519999999997935,"failureMessages":[],"meta":{},"tags":[]},{"ancestorTitles":["url-validation","sanitizeRedirectUrl"],"fullName":"url-validation sanitizeRedirectUrl rejects dangerous schemes","status":"passed","title":"rejects dangerous schemes","duration":0.07979999999997744,"failureMessages":[],"meta":{},"tags":[]},{"ancestorTitles":["url-validation","sanitizeRedirectUrl"],"fullName":"url-validation sanitizeRedirectUrl rejects null/undefined/non-string inputs","status":"passed","title":"rejects null/undefined/non-string inputs","duration":0.07619999999997162,"failureMessages":[],"meta":{},"tags":[]},{"ancestorTitles":["url-validation","sanitizeRedirectUrl"],"fullName":"url-validation sanitizeRedirectUrl rejects empty strings","status":"passed","title":"rejects empty strings","duration":0.037599999999997635,"failureMessages":[],"meta":{},"tags":[]},{"ancestorTitles":["url-validation","sanitizeRedirectUrl"],"fullName":"url-validation sanitizeRedirectUrl supports wildcard origins in allowed list","status":"passed","title":"supports wildcard origins in allowed list","duration":0.09519999999997708,"failureMessages":[],"meta":{},"tags":[]},{"ancestorTitles":["url-validation","validateFileDownloadPath"],"fullName":"url-validation validateFileDownloadPath accepts files in allowed directories","status":"passed","title":"accepts files in allowed directories","duration":0.16100000000000136,"failureMessages":[],"meta":{},"tags":[]},{"ancestorTitles":["url-validation","validateFileDownloadPath"],"fullName":"url-validation validateFileDownloadPath rejects files outside allowed directories","status":"passed","title":"rejects files outside allowed directories","duration":0.059199999999975716,"failureMessages":[],"meta":{},"tags":[]},{"ancestorTitles":["url-validation","validateFileDownloadPath"],"fullName":"url-validation validateFileDownloadPath rejects path traversal attempts","status":"passed","title":"rejects path traversal attempts","duration":0.05509999999998172,"failureMessages":[],"meta":{},"tags":[]},{"ancestorTitles":["url-validation","validateFileDownloadPath"],"fullName":"url-validation validateFileDownloadPath handles multiple allowed directories","status":"passed","title":"handles multiple allowed directories","duration":0.08940000000001191,"failureMessages":[],"meta":{},"tags":[]},{"ancestorTitles":["url-validation","validateFileDownloadPath"],"fullName":"url-validation validateFileDownloadPath normalizes paths with trailing slashes","status":"passed","title":"normalizes paths with trailing slashes","duration":0.05560000000002674,"failureMessages":[],"meta":{},"tags":[]},{"ancestorTitles":["url-validation","validateFileDownloadPath"],"fullName":"url-validation validateFileDownloadPath rejects empty paths","status":"passed","title":"rejects empty paths","duration":0.033799999999985175,"failureMessages":[],"meta":{},"tags":[]},{"ancestorTitles":["url-validation","validateFileDownloadPath"],"fullName":"url-validation validateFileDownloadPath accepts exact directory match","status":"passed","title":"accepts exact directory match","duration":0.040300000000002,"failureMessages":[],"meta":{},"tags":[]},{"ancestorTitles":["url-validation","validateFileDownloadPath"],"fullName":"url-validation validateFileDownloadPath rejects directory escape from root","status":"passed","title":"rejects directory escape from root","duration":0.03500000000002501,"failureMessages":[],"meta":{},"tags":[]}],"startTime":1775403934194,"endTime":1775403934202.161,"status":"passed","message":"","name":"C:/Users/conta/AI Chat/perplexity-ai-clone/tests/validation/url-validation.test.ts"}]}